proguard/seeds.txt
com.xyz2k8.overdisk.FileBrowser
com.xyz2k8.overdisk.FileBrowser: FileBrowser()
com.xyz2k8.overdisk.MainActivity
com.xyz2k8.overdisk.MainActivity: MainActivity()
com.xyz2k8.overdisk.OverDiskActivity
com.xyz2k8.overdisk.OverDiskActivity: OverDiskActivity()
com.xyz2k8.overdisk.PercentPanel
com.xyz2k8.overdisk.PercentPanel: void setOnRegionClickListener(com.xyz2k8.overdisk.PercentPanel$OnRegionClickListener)
com.xyz2k8.overdisk.PercentPanel: PercentPanel(android.content.Context)
com.xyz2k8.overdisk.PercentPanel: PercentPanel(android.content.Context,android.util.AttributeSet)
com.xyz2k8.overdisk.PercentPanel: PercentPanel(android.content.Context,android.util.AttributeSet,int)
com.xyz2k8.overdisk.PercentPanel: void setPercent(int)
com.xyz2k8.overdisk.PercentPanel: void setInfo(long,long)
com.xyz2k8.overdisk.R$anim: int left_in
com.xyz2k8.overdisk.R$anim: int left_out
com.xyz2k8.overdisk.R$anim: int push_up_in
com.xyz2k8.overdisk.R$anim: int push_up_out
com.xyz2k8.overdisk.R$attr: int allLineColor
com.xyz2k8.overdisk.R$attr: int percent
com.xyz2k8.overdisk.R$attr: int percentLineColorHight
com.xyz2k8.overdisk.R$attr: int percentLineColorLow
com.xyz2k8.overdisk.R$color: int blue
com.xyz2k8.overdisk.R$color: int center
com.xyz2k8.overdisk.R$color: int green
com.xyz2k8.overdisk.R$color: int info_panel_bg
com.xyz2k8.overdisk.R$color: int light_blue
com.xyz2k8.overdisk.R$color: int red
com.xyz2k8.overdisk.R$color: int transparent
com.xyz2k8.overdisk.R$color: int transparent_half
com.xyz2k8.overdisk.R$color: int white
com.xyz2k8.overdisk.R$dimen: int activity_horizontal_margin
com.xyz2k8.overdisk.R$dimen: int activity_vertical_margin
com.xyz2k8.overdisk.R$drawable: int actionsheet_bottom_normal
com.xyz2k8.overdisk.R$drawable: int actionsheet_bottom_pressed
com.xyz2k8.overdisk.R$drawable: int actionsheet_bottom_selector
com.xyz2k8.overdisk.R$drawable: int actionsheet_middle_normal
com.xyz2k8.overdisk.R$drawable: int actionsheet_middle_pressed
com.xyz2k8.overdisk.R$drawable: int actionsheet_middle_selector
com.xyz2k8.overdisk.R$drawable: int actionsheet_single_normal
com.xyz2k8.overdisk.R$drawable: int actionsheet_single_pressed
com.xyz2k8.overdisk.R$drawable: int actionsheet_single_selector
com.xyz2k8.overdisk.R$drawable: int actionsheet_top_normal
com.xyz2k8.overdisk.R$drawable: int actionsheet_top_pressed
com.xyz2k8.overdisk.R$drawable: int actionsheet_top_selector
com.xyz2k8.overdisk.R$drawable: int arrow_nav_back
com.xyz2k8.overdisk.R$drawable: int arrow_nav_back_btn
com.xyz2k8.overdisk.R$drawable: int arrow_nav_back_pressed
com.xyz2k8.overdisk.R$drawable: int ic_launcher
com.xyz2k8.overdisk.R$drawable: int icon_setting_dark
com.xyz2k8.overdisk.R$drawable: int icon_setting_light
com.xyz2k8.overdisk.R$drawable: int settings_selector
...
android.support.v4.content.ModernAsyncTask$WorkerRunnable
android.support.v4.content.ModernAsyncTask$WorkerRunnable: java.lang.Object[] mParams
android.support.v4.content.ModernAsyncTask$WorkerRunnable: ModernAsyncTask$WorkerRunnable()
android.support.v4.content.ModernAsyncTask$WorkerRunnable: ModernAsyncTask$WorkerRunnable(android.support.v4.content.ModernAsyncTask$1)
android.support.v4.content.WakefulBroadcastReceiver
android.support.v4.content.WakefulBroadcastReceiver: java.lang.String EXTRA_WAKE_LOCK_ID
android.support.v4.content.WakefulBroadcastReceiver: android.util.SparseArray mActiveWakeLocks
android.support.v4.content.WakefulBroadcastReceiver: int mNextId
android.support.v4.content.WakefulBroadcastReceiver: WakefulBroadcastReceiver()
android.support.v4.content.WakefulBroadcastReceiver: android.content.ComponentName startWakefulService(android.content.Context,android.content.Intent)
android.support.v4.content.WakefulBroadcastReceiver: boolean completeWakefulIntent(android.content.Intent)
android.support.v4.content.WakefulBroadcastReceiver: void <clinit>()
android.support.v4.content.pm.ActivityInfoCompat
android.support.v4.content.pm.ActivityInfoCompat: int CONFIG_UI_MODE
android.support.v4.content.pm.ActivityInfoCompat: ActivityInfoCompat()
android.support.v4.database.DatabaseUtilsCompat
android.support.v4.database.DatabaseUtilsCompat: DatabaseUtilsCompat()
android.support.v4.database.DatabaseUtilsCompat: java.lang.String concatenateWhere(java.lang.String,java.lang.String)
android.support.v4.database.DatabaseUtilsCompat: java.lang.String[] appendSelectionArgs(java.lang.String[],java.lang.String[])
android.support.v4.graphics.drawable.DrawableCompat
android.support.v4.graphics.drawable.DrawableCompat: android.support.v4.graphics.drawable.DrawableCompat$DrawableImpl IMPL
android.support.v4.graphics.drawable.DrawableCompat: DrawableCompat()
android.support.v4.graphics.drawable.DrawableCompat: void jumpToCurrentState(android.graphics.drawable.Drawable)
android.support.v4.graphics.drawable.DrawableCompat: void <clinit>()
android.support.v4.graphics.drawable.DrawableCompat$BaseDrawableImpl
android.support.v4.graphics.drawable.DrawableCompat$BaseDrawableImpl: DrawableCompat$BaseDrawableImpl()
android.support.v4.graphics.drawable.DrawableCompat$BaseDrawableImpl: void jumpToCurrentState(android.graphics.drawable.Drawable)
android.support.v4.graphics.drawable.DrawableCompat$DrawableImpl
android.support.v4.graphics.drawable.DrawableCompat$DrawableImpl: void jumpToCurrentState(android.graphics.drawable.Drawable)
android.support.v4.graphics.drawable.DrawableCompat$HoneycombDrawableImpl
android.support.v4.graphics.drawable.DrawableCompat$HoneycombDrawableImpl: DrawableCompat$HoneycombDrawableImpl()
android.support.v4.graphics.drawable.DrawableCompat$HoneycombDrawableImpl: void jumpToCurrentState(android.graphics.drawable.Drawable)
android.support.v4.graphics.drawable.DrawableCompatHoneycomb
android.support.v4.graphics.drawable.DrawableCompatHoneycomb: DrawableCompatHoneycomb()
android.support.v4.graphics.drawable.DrawableCompatHoneycomb: void jumpToCurrentState(android.graphics.drawable.Drawable)