proguard/mapping.txt
com.xyz2k8.overdisk.ActionSheet -> com.xyz2k8.overdisk.a:
    android.app.Dialog showActionSheet(android.content.Context,com.xyz2k8.overdisk.ActionSheet$OnActionSheetSelected,android.content.DialogInterface$OnCancelListener,java.lang.String,java.lang.String[]) -> a
com.xyz2k8.overdisk.ActionSheet$1 -> com.xyz2k8.overdisk.b:
    com.xyz2k8.overdisk.ActionSheet$OnActionSheetSelected val$actionSheetSelected -> a
    java.lang.String val$title -> b
    android.app.Dialog val$dlg -> c
    void onClick(android.view.View) -> onClick
com.xyz2k8.overdisk.ActionSheet$2 -> com.xyz2k8.overdisk.c:
    com.xyz2k8.overdisk.ActionSheet$OnActionSheetSelected val$actionSheetSelected -> a
    java.lang.String val$title -> b
    android.app.Dialog val$dlg -> c
    void onClick(android.view.View) -> onClick
com.xyz2k8.overdisk.ActionSheet$OnActionSheetSelected -> com.xyz2k8.overdisk.d:
    void onActionSelected(int,java.lang.String) -> a
com.xyz2k8.overdisk.FileBrowser -> com.xyz2k8.overdisk.FileBrowser:
    com.xyz2k8.overdisk.FileManager mFileMag -> a
    java.lang.String mRootPath -> b
    java.util.ArrayList mChildren -> c
    java.util.ArrayList mItemList -> d
    com.xyz2k8.overdisk.FileListViewAdapter mListItemAdapter -> e
    android.widget.ListView mListView -> f
    com.xyz2k8.overdisk.ListItem mTouchedItem -> g
    int mPrePos -> h
    android.os.Handler mHandler -> i
    void onCreate(android.os.Bundle) -> onCreate
    void buildItemList() -> a
    void onCancel(android.content.DialogInterface) -> onCancel
    void onActionSelected(int,java.lang.String) -> a
    void onOprationSelected(int) -> a
    void onBackPressed() -> onBackPressed
    com.xyz2k8.overdisk.FileListViewAdapter access$0(com.xyz2k8.overdisk.FileBrowser) -> a
    void access$1(com.xyz2k8.overdisk.FileBrowser,java.lang.String,int) -> a
    void access$2(com.xyz2k8.overdisk.FileBrowser,com.xyz2k8.overdisk.ListItem) -> a
com.xyz2k8.overdisk.FileBrowser$1 -> com.xyz2k8.overdisk.e:
    com.xyz2k8.overdisk.FileBrowser this$0 -> a
    void handleMessage(android.os.Message) -> handleMessage
com.xyz2k8.overdisk.FileBrowser$2 -> com.xyz2k8.overdisk.f:
    com.xyz2k8.overdisk.FileBrowser this$0 -> a
    void onClick(android.view.View) -> onClick
com.xyz2k8.overdisk.FileBrowser$3 -> com.xyz2k8.overdisk.g:
    com.xyz2k8.overdisk.FileBrowser this$0 -> a
    void onItemClick(android.widget.AdapterView,android.view.View,int,long) -> onItemClick
com.xyz2k8.overdisk.FileBrowser$4 -> com.xyz2k8.overdisk.h:
    com.xyz2k8.overdisk.FileBrowser this$0 -> a
    boolean onItemLongClick(android.widget.AdapterView,android.view.View,int,long) -> onItemLongClick
com.xyz2k8.overdisk.FileListViewAdapter -> com.xyz2k8.overdisk.i:
    int resource -> a
    android.view.View getView(int,android.view.View,android.view.ViewGroup) -> getView
com.xyz2k8.overdisk.FileManager -> com.xyz2k8.overdisk.j:
    long mDirSize -> a
    java.util.Stack mPathStack -> b
    java.util.ArrayList mDirContent -> c
    java.util.Comparator size -> d
    java.lang.String getCurrentDir() -> a
    java.util.ArrayList setHomeDir(java.lang.String) -> a
    java.util.ArrayList getPreviousDir() -> b
    java.util.ArrayList getNextDir$6c6c47f1(java.lang.String) -> b
    boolean isDirectory(java.lang.String) -> c
    java.util.ArrayList populate_list() -> c
    int deleteTarget(java.lang.String) -> d
    java.util.Stack access$0(com.xyz2k8.overdisk.FileManager) -> a
com.xyz2k8.overdisk.FileManager$1 -> com.xyz2k8.overdisk.k:
    com.xyz2k8.overdisk.FileManager this$0 -> a
    int compare(java.lang.Object,java.lang.Object) -> compare
com.xyz2k8.overdisk.ListItem -> com.xyz2k8.overdisk.l:
    java.lang.String itemName -> a
    java.lang.String itemType -> b
    java.lang.String itemSize -> c
...
android.support.v4.hardware.display.DisplayManagerCompat$JellybeanMr1Impl -> android.support.v4.hardware.display.DisplayManagerCompat$JellybeanMr1Impl:
    java.lang.Object mDisplayManagerObj -> mDisplayManagerObj
    android.view.Display getDisplay(int) -> getDisplay
    android.view.Display[] getDisplays() -> getDisplays
    android.view.Display[] getDisplays(java.lang.String) -> getDisplays
android.support.v4.hardware.display.DisplayManagerCompat$LegacyImpl -> android.support.v4.hardware.display.DisplayManagerCompat$LegacyImpl:
    android.view.WindowManager mWindowManager -> mWindowManager
    android.view.Display getDisplay(int) -> getDisplay
    android.view.Display[] getDisplays() -> getDisplays
    android.view.Display[] getDisplays(java.lang.String) -> getDisplays
android.support.v4.hardware.display.DisplayManagerJellybeanMr1 -> android.support.v4.hardware.display.DisplayManagerJellybeanMr1:
    java.lang.Object getDisplayManager(android.content.Context) -> getDisplayManager
    android.view.Display getDisplay(java.lang.Object,int) -> getDisplay
    android.view.Display[] getDisplays(java.lang.Object) -> getDisplays
    android.view.Display[] getDisplays(java.lang.Object,java.lang.String) -> getDisplays
android.support.v4.internal.view.SupportMenu -> android.support.v4.internal.view.SupportMenu:
    int USER_MASK -> USER_MASK
    int USER_SHIFT -> USER_SHIFT
    int CATEGORY_MASK -> CATEGORY_MASK
    int CATEGORY_SHIFT -> CATEGORY_SHIFT
android.support.v4.internal.view.SupportMenuItem -> android.support.v4.internal.view.SupportMenuItem:
    int SHOW_AS_ACTION_NEVER -> SHOW_AS_ACTION_NEVER
    int SHOW_AS_ACTION_IF_ROOM -> SHOW_AS_ACTION_IF_ROOM
    int SHOW_AS_ACTION_ALWAYS -> SHOW_AS_ACTION_ALWAYS
    int SHOW_AS_ACTION_WITH_TEXT -> SHOW_AS_ACTION_WITH_TEXT
    int SHOW_AS_ACTION_COLLAPSE_ACTION_VIEW -> SHOW_AS_ACTION_COLLAPSE_ACTION_VIEW
    void setShowAsAction(int) -> setShowAsAction
    android.view.MenuItem setShowAsActionFlags(int) -> setShowAsActionFlags
    android.view.MenuItem setActionView(android.view.View) -> setActionView
    android.view.MenuItem setActionView(int) -> setActionView
    android.view.View getActionView() -> getActionView
    android.support.v4.internal.view.SupportMenuItem setSupportActionProvider(android.support.v4.view.ActionProvider) -> setSupportActionProvider
    android.support.v4.view.ActionProvider getSupportActionProvider() -> getSupportActionProvider
    boolean expandActionView() -> expandActionView
    boolean collapseActionView() -> collapseActionView
    boolean isActionViewExpanded() -> isActionViewExpanded
    android.support.v4.internal.view.SupportMenuItem setSupportOnActionExpandListener(android.support.v4.view.MenuItemCompat$OnActionExpandListener) -> setSupportOnActionExpandListener
android.support.v4.internal.view.SupportSubMenu -> android.support.v4.internal.view.SupportSubMenu:
android.support.v4.media.TransportController -> android.support.v4.media.TransportController:
    void registerStateListener(android.support.v4.media.TransportStateListener) -> registerStateListener
    void unregisterStateListener(android.support.v4.media.TransportStateListener) -> unregisterStateListener
    void startPlaying() -> startPlaying
    void pausePlaying() -> pausePlaying
    void stopPlaying() -> stopPlaying
    long getDuration() -> getDuration
    long getCurrentPosition() -> getCurrentPosition
    void seekTo(long) -> seekTo
    boolean isPlaying() -> isPlaying
    int getBufferPercentage() -> getBufferPercentage
    int getTransportControlFlags() -> getTransportControlFlags