proguard/usage.txt
com.xyz2k8.overdisk.ActionSheet:
    public static final int ACTION_YES
    public static final int ACTION_NO
    17:17:public ActionSheet()
com.xyz2k8.overdisk.BuildConfig
com.xyz2k8.overdisk.FileBrowser:
    56:56:public android.os.Handler getHandler()
com.xyz2k8.overdisk.FileManager:
    68:69:public boolean isFile(java.lang.String)
    78:79:public void clearDirSize()
    83:85:public long getDirSize(java.lang.String)
    161:180:private void get_dir_size(java.io.File)
    184:191:private static boolean isSymlink(java.io.File)
com.xyz2k8.overdisk.MainActivity:
    271:281:private boolean isAvilible(android.content.Context,java.lang.String)
    287:318:private void startWeChatToScanQRCode()
com.xyz2k8.overdisk.OverDiskActivity:
    public static final int UPDATE_RING
    public static final int UPDATE_INFO
    public static final int DEL_PROGRESS_INFO
    public static final int BUILD_PROGRESS_INFO
    public static final int HIDE_PROGRESS_INFO
    public static final int MAX_NODE_NUM
com.xyz2k8.overdisk.R:
    10:10:public R()
com.xyz2k8.overdisk.R$anim
com.xyz2k8.overdisk.R$attr
com.xyz2k8.overdisk.R$color
com.xyz2k8.overdisk.R$dimen
com.xyz2k8.overdisk.R$drawable
com.xyz2k8.overdisk.R$id
com.xyz2k8.overdisk.R$layout
com.xyz2k8.overdisk.R$menu
com.xyz2k8.overdisk.R$string
com.xyz2k8.overdisk.R$style
com.xyz2k8.overdisk.R$styleable:
    212:212:public R$styleable()
com.xyz2k8.overdisk.RectMenuItem:
    19:20:public void setTitle(java.lang.String)
    23:23:public int getIndex()
    27:28:public void setIndex(int)
com.xyz2k8.overdisk.RingView:
    private static final int LAYER_1
    private static final int LAYER_2
    private static final int LAYER_3
com.xyz2k8.overdisk.RootProxy:
    java.lang.String mResult
    java.lang.String mBlock
com.xyz2k8.overdisk.RootService
com.xyz2k8.overdisk.SelectOpration:
    public static final int OP_DELETE
    public static final int OP_HIDE
    public static final int OP_OPEN
    15:15:public SelectOpration()
...
android.annotation.SuppressLint
android.annotation.TargetApi
com.xyz2k8.utils.AppUtils
com.xyz2k8.utils.DensityUtils
com.xyz2k8.utils.HttpUtils
com.xyz2k8.utils.HttpUtils$1
com.xyz2k8.utils.HttpUtils$2
com.xyz2k8.utils.HttpUtils$CallBack
com.xyz2k8.utils.KeyBoardUtils
com.xyz2k8.utils.L
com.xyz2k8.utils.MyUtils:
    private static final int KB
    private static final int MG
    private static final int GB
    6:6:public MyUtils()
com.xyz2k8.utils.NetUtils
com.xyz2k8.utils.RootUtils:
    7:7:public RootUtils()
com.xyz2k8.utils.SDCardUtils:
    20:23:private SDCardUtils()
    33:34:public static boolean isSDCardEnable()
    56:65:public static long getSDCardAllSize()
    77:86:public static long getFreeBytes(java.lang.String)
    96:96:public static java.lang.String getRootDirectoryPath()
com.xyz2k8.utils.SPUtils
com.xyz2k8.utils.SPUtils$SharedPreferencesCompat
com.xyz2k8.utils.ScreenUtils
com.xyz2k8.utils.T